2026-03-03T05:55:55.065565296Z [inf]  
2026-03-03T05:55:57.898937845Z [inf]  [35m[Region: asia-southeast1][0m
2026-03-03T05:55:57.912757580Z [inf]  
2026-03-03T05:55:57.912781845Z [inf]  [38;2;125;86;243m╭─────────────────╮[0m
2026-03-03T05:55:57.912786065Z [inf]  [38;2;125;86;243m│[0m Railpack 0.17.2 [38;2;125;86;243m│[0m
2026-03-03T05:55:57.912789557Z [inf]  [38;2;125;86;243m╰─────────────────╯[0m
2026-03-03T05:55:57.912793599Z [inf]  
2026-03-03T05:55:57.912796913Z [inf]  [33m⚠ Script start.sh not found[0m
2026-03-03T05:55:57.912799757Z [inf]  [1;31m✖ Railpack could not determine how to build the app.[0m
2026-03-03T05:55:57.912802998Z [inf]  
2026-03-03T05:55:57.912806507Z [inf]  The following languages are supported:
2026-03-03T05:55:57.912809438Z [inf]  Php
2026-03-03T05:55:57.912812385Z [inf]  Golang
2026-03-03T05:55:57.912815276Z [inf]  Java
2026-03-03T05:55:57.912817938Z [inf]  Rust
2026-03-03T05:55:57.912820756Z [inf]  Ruby
2026-03-03T05:55:57.912823671Z [inf]  Elixir
2026-03-03T05:55:57.912826597Z [inf]  Python
2026-03-03T05:55:57.912829445Z [inf]  Deno
2026-03-03T05:55:57.912832151Z [inf]  Dotnet
2026-03-03T05:55:57.912834715Z [inf]  Node
2026-03-03T05:55:57.912837556Z [inf]  Gleam
2026-03-03T05:55:57.912840373Z [inf]  Cpp
2026-03-03T05:55:57.912844473Z [inf]  Staticfile
2026-03-03T05:55:57.912847492Z [inf]  Shell
2026-03-03T05:55:57.912850657Z [inf]  
2026-03-03T05:55:57.912853433Z [inf]  The app contents that Railpack analyzed contains:
2026-03-03T05:55:57.912856437Z [inf]  
2026-03-03T05:55:57.912859600Z [inf]  ./
2026-03-03T05:55:57.912862503Z [inf]  ├── .github/
2026-03-03T05:55:57.912865268Z [inf]  ├── android/
2026-03-03T05:55:57.912868501Z [inf]  ├── server/
2026-03-03T05:55:57.912871357Z [inf]  ├── .gitignore
2026-03-03T05:55:57.912874423Z [inf]  └── README.md
2026-03-03T05:55:57.912879985Z [inf]  
2026-03-03T05:55:57.912882690Z [inf]  Check out the docs for more information: https://railpack.com
2026-03-03T05:55:57.912885575Z [inf]  
2026-03-03T05:55:57.912888661Z [inf]  
2026-03-03T05:55:57.912891512Z [inf]  